Arguments: 
  /usr/bin/node /usr/bin/yarn add tslint

PATH: 
  /usr/local/sbin:/usr/local/bin:/usr/bin:/usr/bin/site_perl:/usr/bin/vendor_perl:/usr/bin/core_perl

Yarn version: 
  1.22.0

Node version: 
  13.10.0

Platform: 
  linux x64

Trace: 
  Error: EACCES: permission denied, unlink '/home/red/projects/mmo/Aegis/node_modules/.bin/tsc'

npm manifest: 
  {
    "name": "aegis",
    "version": "1.0.0",
    "description": "Backend for MMORPG Project",
    "main": "index.js",
    "repository": "https://github.com/codyroberts/Aegis.git",
    "author": "Cody Roberts",
    "license": "MIT",
    "dependencies": {
      "@types/ws": "^7.2.2",
      "typescript": "^3.8.3",
      "ws": "^7.2.3"
    },
    "scripts": {
      "build": "tsc",
      "start": "node src/server.js",
      "dev": "tsc -w"
    },
    "type": "module"
  }

yarn manifest: 
  No manifest

Lockfile: 
  # THIS IS AN AUTOGENERATED FILE. DO NOT EDIT THIS FILE DIRECTLY.
  # yarn lockfile v1
  
  
  "@types/node@*":
    version "13.9.1"
    resolved "https://registry.yarnpkg.com/@types/node/-/node-13.9.1.tgz#96f606f8cd67fb018847d9b61e93997dabdefc72"
    integrity sha512-E6M6N0blf/jiZx8Q3nb0vNaswQeEyn0XlupO+xN6DtJ6r6IT4nXrTry7zhIfYvFCl3/8Cu6WIysmUBKiqV0bqQ==
  
  "@types/ws@^7.2.2":
    version "7.2.2"
    resolved "https://registry.yarnpkg.com/@types/ws/-/ws-7.2.2.tgz#1bd2038bc80aea60f8a20b2dcf08602a72e65063"
    integrity sha512-oqnI3DbGCVI9zJ/WHdFo3CUE8jQ8CVQDUIKaDtlTcNeT4zs6UCg9Gvk5QrFx2QPkRszpM6yc8o0p4aGjCsTi+w==
    dependencies:
      "@types/node" "*"
  
  typescript@^3.8.3:
    version "3.8.3"
    resolved "https://registry.yarnpkg.com/typescript/-/typescript-3.8.3.tgz#409eb8544ea0335711205869ec458ab109ee1061"
    integrity sha512-MYlEfn5VrLNsgudQTVJeNaQFUAI7DkhnOjdpAp4T+ku1TfQClewlbSuTVHiA+8skNBgaf02TL/kLOvig4y3G8w==
  
  ws@^7.2.3:
    version "7.2.3"
    resolved "https://registry.yarnpkg.com/ws/-/ws-7.2.3.tgz#a5411e1fb04d5ed0efee76d26d5c46d830c39b46"
    integrity sha512-HTDl9G9hbkNDk98naoR/cHDws7+EyYMOdL1BmjsZXRUjf7d+MficC4B7HLUPlSiho0vg+CWKrGIt/VJBd1xunQ==
